# JRE version: OpenJDK Runtime Environment (11.0.11+9) (build 11.0.11+9-b60-7590822)
# Java VM: OpenJDK 64-Bit Server VM (11.0.11+9-b60-7590822, mixed mode, tiered, compressed oops, g1 gc, windows-amd64)
Heap:
 garbage-first heap   total 187392K, used 94625K [0x0000000080000000, 0x0000000100000000)
  region size 1024K, 20 young (20480K), 9 survivors (9216K)
 Metaspace       used 110131K, capacity 113758K, committed 114056K, reserved 1146880K
  class space    used 14805K, capacity 16241K, committed 16356K, reserved 1048576K
GC Heap History (20 events):
Event: 12.605 GC heap before
{Heap before GC invocations=13 (full 0):
 garbage-first heap   total 155648K, used 116081K [0x0000000080000000, 0x0000000100000000)
  region size 1024K, 71 young (72704K), 8 survivors (8192K)
 Metaspace       used 69178K, capacity 70815K, committed 71040K, reserved 1110016K
  class space    used 8967K, capacity 9582K, committed 9600K, reserved 1048576K
}
Event: 12.615 GC heap after
{Heap after GC invocations=14 (full 0):
 garbage-first heap   total 155648K, used 56274K [0x0000000080000000, 0x0000000100000000)
  region size 1024K, 5 young (5120K), 5 survivors (5120K)
 Metaspace       used 69178K, capacity 70815K, committed 71040K, reserved 1110016K
  class space    used 8967K, capacity 9582K, committed 9600K, reserved 1048576K
}
Event: 13.833 GC heap before
{Heap before GC invocations=14 (full 0):
 garbage-first heap   total 155648K, used 119762K [0x0000000080000000, 0x0000000100000000)
  region size 1024K, 67 young (68608K), 5 survivors (5120K)
 Metaspace       used 75881K, capacity 77655K, committed 77952K, reserved 1116160K
  class space    used 9912K, capacity 10578K, committed 10624K, reserved 1048576K
}
Event: 13.844 GC heap after
{Heap after GC invocations=15 (full 0):
 garbage-first heap   total 155648K, used 60416K [0x0000000080000000, 0x0000000100000000)
  region size 1024K, 4 young (4096K), 4 survivors (4096K)
 Metaspace       used 75881K, capacity 77655K, committed 77952K, reserved 1116160K
  class space    used 9912K, capacity 10578K, committed 10624K, reserved 1048576K
}
Event: 14.823 GC heap before
{Heap before GC invocations=15 (full 0):
 garbage-first heap   total 155648K, used 122880K [0x0000000080000000, 0x0000000100000000)
  region size 1024K, 65 young (66560K), 4 survivors (4096K)
 Metaspace       used 80353K, capacity 82518K, committed 82688K, reserved 1120256K
  class space    used 10600K, capacity 11430K, committed 11520K, reserved 1048576K
}
Event: 14.837 GC heap after
{Heap after GC invocations=16 (full 0):
 garbage-first heap   total 155648K, used 64708K [0x0000000080000000, 0x0000000100000000)
  region size 1024K, 9 young (9216K), 9 survivors (9216K)
 Metaspace       used 80353K, capacity 82518K, committed 82688K, reserved 1120256K
  class space    used 10600K, capacity 11430K, committed 11520K, reserved 1048576K
}
Event: 15.627 GC heap before
{Heap before GC invocations=16 (full 0):
 garbage-first heap   total 155648K, used 123076K [0x0000000080000000, 0x0000000100000000)
  region size 1024K, 67 young (68608K), 9 survivors (9216K)
 Metaspace       used 81159K, capacity 83322K, committed 83456K, reserved 1122304K
  class space    used 10659K, capacity 11500K, committed 11520K, reserved 1048576K
}
Event: 15.641 GC heap after
{Heap after GC invocations=17 (full 0):
 garbage-first heap   total 155648K, used 69233K [0x0000000080000000, 0x0000000100000000)
  region size 1024K, 9 young (9216K), 9 survivors (9216K)
 Metaspace       used 81159K, capacity 83322K, committed 83456K, reserved 1122304K
  class space    used 10659K, capacity 11500K, committed 11520K, reserved 1048576K
}
Event: 16.183 GC heap before
{Heap before GC invocations=17 (full 0):
 garbage-first heap   total 155648K, used 124529K [0x0000000080000000, 0x0000000100000000)
  region size 1024K, 64 young (65536K), 9 survivors (9216K)
 Metaspace       used 83290K, capacity 85532K, committed 85760K, reserved 1124352K
  class space    used 10873K, capacity 11716K, committed 11776K, reserved 1048576K
}
Event: 16.197 GC heap after
{Heap after GC invocations=18 (full 0):
 garbage-first heap   total 187392K, used 73720K [0x0000000080000000, 0x0000000100000000)
  region size 1024K, 5 young (5120K), 5 survivors (5120K)
 Metaspace       used 83290K, capacity 85532K, committed 85760K, reserved 1124352K
  class space    used 10873K, capacity 11716K, committed 11776K, reserved 1048576K
}
Event: 17.963 GC heap before
{Heap before GC invocations=18 (full 0):
 garbage-first heap   total 187392K, used 143352K [0x0000000080000000, 0x0000000100000000)
  region size 1024K, 72 young (73728K), 5 survivors (5120K)
 Metaspace       used 91308K, capacity 93816K, committed 93952K, reserved 1130496K
  class space    used 11849K, capacity 12771K, committed 12800K, reserved 1048576K
}
Event: 17.972 GC heap after
{Heap after GC invocations=19 (full 0):
 garbage-first heap   total 187392K, used 76964K [0x0000000080000000, 0x0000000100000000)
  region size 1024K, 7 young (7168K), 7 survivors (7168K)
 Metaspace       used 91308K, capacity 93816K, committed 93952K, reserved 1130496K
  class space    used 11849K, capacity 12771K, committed 12800K, reserved 1048576K
}
Event: 18.811 GC heap before
{Heap before GC invocations=19 (full 0):
 garbage-first heap   total 187392K, used 144548K [0x0000000080000000, 0x0000000100000000)
  region size 1024K, 74 young (75776K), 7 survivors (7168K)
 Metaspace       used 95108K, capacity 97764K, committed 97920K, reserved 1134592K
  class space    used 12392K, capacity 13386K, committed 13440K, reserved 1048576K
}
Event: 18.824 GC heap after
{Heap after GC invocations=20 (full 0):
 garbage-first heap   total 187392K, used 77853K [0x0000000080000000, 0x0000000100000000)
  region size 1024K, 6 young (6144K), 6 survivors (6144K)
 Metaspace       used 95108K, capacity 97764K, committed 97920K, reserved 1134592K
  class space    used 12392K, capacity 13386K, committed 13440K, reserved 1048576K
}
Event: 19.058 GC heap before
{Heap before GC invocations=20 (full 0):
 garbage-first heap   total 187392K, used 87069K [0x0000000080000000, 0x0000000100000000)
  region size 1024K, 16 young (16384K), 6 survivors (6144K)
 Metaspace       used 97716K, capacity 100586K, committed 100696K, reserved 1136640K
  class space    used 12834K, capacity 13946K, committed 13952K, reserved 1048576K
}
Event: 19.066 GC heap after
{Heap after GC invocations=21 (full 0):
 garbage-first heap   total 187392K, used 78859K [0x0000000080000000, 0x0000000100000000)
  region size 1024K, 7 young (7168K), 7 survivors (7168K)
 Metaspace       used 97716K, capacity 100586K, committed 100696K, reserved 1136640K
  class space    used 12834K, capacity 13946K, committed 13952K, reserved 1048576K
}
Event: 20.060 GC heap before
{Heap before GC invocations=22 (full 0):
 garbage-first heap   total 187392K, used 145419K [0x0000000080000000, 0x0000000100000000)
  region size 1024K, 73 young (74752K), 7 survivors (7168K)
 Metaspace       used 105788K, capacity 109220K, committed 109320K, reserved 1142784K
  class space    used 14288K, capacity 15647K, committed 15716K, reserved 1048576K
}
Event: 20.071 GC heap after
{Heap after GC invocations=23 (full 0):
 garbage-first heap   total 187392K, used 80194K [0x0000000080000000, 0x0000000100000000)
  region size 1024K, 7 young (7168K), 7 survivors (7168K)
 Metaspace       used 105788K, capacity 109220K, committed 109320K, reserved 1142784K
  class space    used 14288K, capacity 15647K, committed 15716K, reserved 1048576K
}
Event: 21.787 GC heap before
{Heap before GC invocations=24 (full 0):
 garbage-first heap   total 187392K, used 158018K [0x0000000080000000, 0x0000000100000000)
  region size 1024K, 74 young (75776K), 7 survivors (7168K)
 Metaspace       used 110040K, capacity 113675K, committed 113800K, reserved 1146880K
  class space    used 14804K, capacity 16239K, committed 16356K, reserved 1048576K
}
Event: 21.802 GC heap after
{Heap after GC invocations=25 (full 0):
 garbage-first heap   total 187392K, used 85409K [0x0000000080000000, 0x0000000100000000)
  region size 1024K, 9 young (9216K), 9 survivors (9216K)
 Metaspace       used 110040K, capacity 113675K, committed 113800K, reserved 1146880K
  class space    used 14804K, capacity 16239K, committed 16356K, reserved 1048576K
}

