# JRE version: OpenJDK Runtime Environment (11.0.11+9) (build 11.0.11+9-b60-7590822)
# Java VM: OpenJDK 64-Bit Server VM (11.0.11+9-b60-7590822, mixed mode, tiered, compressed oops, g1 gc, windows-amd64)
Heap:
 garbage-first heap   total 546816K, used 178566K [0x0000000080000000, 0x0000000100000000)
  region size 1024K, 5 young (5120K), 5 survivors (5120K)
 Metaspace       used 128795K, capacity 133265K, committed 133504K, reserved 1165312K
  class space    used 15839K, capacity 17490K, committed 17536K, reserved 1048576K
GC Heap History (20 events):
Event: 12590.521 GC heap after
{Heap after GC invocations=140 (full 0):
 garbage-first heap   total 225280K, used 151511K [0x0000000080000000, 0x0000000100000000)
  region size 1024K, 4 young (4096K), 4 survivors (4096K)
 Metaspace       used 128563K, capacity 132990K, committed 133248K, reserved 1165312K
  class space    used 15829K, capacity 17474K, committed 17536K, reserved 1048576K
}
Event: 12590.670 GC heap before
{Heap before GC invocations=141 (full 0):
 garbage-first heap   total 225280K, used 177111K [0x0000000080000000, 0x0000000100000000)
  region size 1024K, 29 young (29696K), 4 survivors (4096K)
 Metaspace       used 128647K, capacity 133101K, committed 133248K, reserved 1165312K
  class space    used 15837K, capacity 17487K, committed 17536K, reserved 1048576K
}
Event: 12590.684 GC heap after
{Heap after GC invocations=142 (full 0):
 garbage-first heap   total 225280K, used 155487K [0x0000000080000000, 0x0000000100000000)
  region size 1024K, 4 young (4096K), 4 survivors (4096K)
 Metaspace       used 128647K, capacity 133101K, committed 133248K, reserved 1165312K
  class space    used 15837K, capacity 17487K, committed 17536K, reserved 1048576K
}
Event: 12590.720 GC heap before
{Heap before GC invocations=142 (full 0):
 garbage-first heap   total 225280K, used 162655K [0x0000000080000000, 0x0000000100000000)
  region size 1024K, 11 young (11264K), 4 survivors (4096K)
 Metaspace       used 128657K, capacity 133101K, committed 133248K, reserved 1165312K
  class space    used 15837K, capacity 17487K, committed 17536K, reserved 1048576K
}
Event: 12590.728 GC heap after
{Heap after GC invocations=143 (full 0):
 garbage-first heap   total 225280K, used 155235K [0x0000000080000000, 0x0000000100000000)
  region size 1024K, 2 young (2048K), 2 survivors (2048K)
 Metaspace       used 128657K, capacity 133101K, committed 133248K, reserved 1165312K
  class space    used 15837K, capacity 17487K, committed 17536K, reserved 1048576K
}
Event: 12590.754 GC heap before
{Heap before GC invocations=143 (full 0):
 garbage-first heap   total 225280K, used 161379K [0x0000000080000000, 0x0000000100000000)
  region size 1024K, 9 young (9216K), 2 survivors (2048K)
 Metaspace       used 128661K, capacity 133101K, committed 133248K, reserved 1165312K
  class space    used 15837K, capacity 17487K, committed 17536K, reserved 1048576K
}
Event: 12590.760 GC heap after
{Heap after GC invocations=144 (full 0):
 garbage-first heap   total 225280K, used 155243K [0x0000000080000000, 0x0000000100000000)
  region size 1024K, 2 young (2048K), 2 survivors (2048K)
 Metaspace       used 128661K, capacity 133101K, committed 133248K, reserved 1165312K
  class space    used 15837K, capacity 17487K, committed 17536K, reserved 1048576K
}
Event: 12590.905 GC heap before
{Heap before GC invocations=144 (full 0):
 garbage-first heap   total 225280K, used 182891K [0x0000000080000000, 0x0000000100000000)
  region size 1024K, 25 young (25600K), 2 survivors (2048K)
 Metaspace       used 128666K, capacity 133101K, committed 133248K, reserved 1165312K
  class space    used 15837K, capacity 17487K, committed 17536K, reserved 1048576K
}
Event: 12590.913 GC heap after
{Heap after GC invocations=145 (full 0):
 garbage-first heap   total 225280K, used 161008K [0x0000000080000000, 0x0000000100000000)
  region size 1024K, 4 young (4096K), 4 survivors (4096K)
 Metaspace       used 128666K, capacity 133101K, committed 133248K, reserved 1165312K
  class space    used 15837K, capacity 17487K, committed 17536K, reserved 1048576K
}
Event: 12591.199 GC heap before
{Heap before GC invocations=146 (full 0):
 garbage-first heap   total 225280K, used 179440K [0x0000000080000000, 0x0000000100000000)
  region size 1024K, 26 young (26624K), 4 survivors (4096K)
 Metaspace       used 128665K, capacity 133095K, committed 133248K, reserved 1165312K
  class space    used 15836K, capacity 17485K, committed 17536K, reserved 1048576K
}
Event: 12591.215 GC heap after
{Heap after GC invocations=147 (full 0):
 garbage-first heap   total 225280K, used 160877K [0x0000000080000000, 0x0000000100000000)
  region size 1024K, 4 young (4096K), 4 survivors (4096K)
 Metaspace       used 128665K, capacity 133095K, committed 133248K, reserved 1165312K
  class space    used 15836K, capacity 17485K, committed 17536K, reserved 1048576K
}
Event: 12591.285 GC heap before
{Heap before GC invocations=147 (full 0):
 garbage-first heap   total 225280K, used 167021K [0x0000000080000000, 0x0000000100000000)
  region size 1024K, 11 young (11264K), 4 survivors (4096K)
 Metaspace       used 128674K, capacity 133109K, committed 133248K, reserved 1165312K
  class space    used 15839K, capacity 17490K, committed 17536K, reserved 1048576K
}
Event: 12591.312 GC heap after
{Heap after GC invocations=148 (full 0):
 garbage-first heap   total 303104K, used 155666K [0x0000000080000000, 0x0000000100000000)
  region size 1024K, 2 young (2048K), 2 survivors (2048K)
 Metaspace       used 128674K, capacity 133109K, committed 133248K, reserved 1165312K
  class space    used 15839K, capacity 17490K, committed 17536K, reserved 1048576K
}
Event: 12591.344 GC heap before
{Heap before GC invocations=148 (full 0):
 garbage-first heap   total 303104K, used 158738K [0x0000000080000000, 0x0000000100000000)
  region size 1024K, 6 young (6144K), 2 survivors (2048K)
 Metaspace       used 128674K, capacity 133109K, committed 133248K, reserved 1165312K
  class space    used 15839K, capacity 17490K, committed 17536K, reserved 1048576K
}
Event: 12591.353 GC heap after
{Heap after GC invocations=149 (full 0):
 garbage-first heap   total 303104K, used 156483K [0x0000000080000000, 0x0000000100000000)
  region size 1024K, 3 young (3072K), 3 survivors (3072K)
 Metaspace       used 128674K, capacity 133109K, committed 133248K, reserved 1165312K
  class space    used 15839K, capacity 17490K, committed 17536K, reserved 1048576K
}
Event: 12591.832 GC heap before
{Heap before GC invocations=150 (full 0):
 garbage-first heap   total 303104K, used 222019K [0x0000000080000000, 0x0000000100000000)
  region size 1024K, 58 young (59392K), 3 survivors (3072K)
 Metaspace       used 128746K, capacity 133199K, committed 133248K, reserved 1165312K
  class space    used 15839K, capacity 17490K, committed 17536K, reserved 1048576K
}
Event: 12591.844 GC heap after
{Heap after GC invocations=151 (full 0):
 garbage-first heap   total 303104K, used 174510K [0x0000000080000000, 0x0000000100000000)
  region size 1024K, 8 young (8192K), 8 survivors (8192K)
 Metaspace       used 128746K, capacity 133199K, committed 133248K, reserved 1165312K
  class space    used 15839K, capacity 17490K, committed 17536K, reserved 1048576K
}
Event: 12591.874 GC heap before
{Heap before GC invocations=151 (full 0):
 garbage-first heap   total 303104K, used 180654K [0x0000000080000000, 0x0000000100000000)
  region size 1024K, 14 young (14336K), 8 survivors (8192K)
 Metaspace       used 128746K, capacity 133199K, committed 133248K, reserved 1165312K
  class space    used 15839K, capacity 17490K, committed 17536K, reserved 1048576K
}
Event: 12591.883 GC heap after
{Heap after GC invocations=152 (full 0):
 garbage-first heap   total 303104K, used 174475K [0x0000000080000000, 0x0000000100000000)
  region size 1024K, 1 young (1024K), 1 survivors (1024K)
 Metaspace       used 128746K, capacity 133199K, committed 133248K, reserved 1165312K
  class space    used 15839K, capacity 17490K, committed 17536K, reserved 1048576K
}
Event: 12593.181 GC heap before
{Heap before GC invocations=152 (full 0):
 garbage-first heap   total 303104K, used 225675K [0x0000000080000000, 0x0000000100000000)
  region size 1024K, 52 young (53248K), 1 survivors (1024K)
 Metaspace       used 128795K, capacity 133265K, committed 133504K, reserved 1165312K
  class space    used 15839K, capacity 17490K, committed 17536K, reserved 1048576K
}

